[00:36:44] [Server thread/INFO]: Stopping the server
[00:36:44] [Server thread/WARN]: java.lang.Throwable: Server stopped
[00:36:44] [Server thread/WARN]: 	at io.papermc.paper.util.TraceUtil.dumpTraceForThread(TraceUtil.java:16)
[00:36:44] [Server thread/WARN]: 	at net.minecraft.server.MinecraftServer.safeShutdown(MinecraftServer.java:1140)
[00:36:44] [Server thread/WARN]: 	at net.minecraft.server.MinecraftServer.halt(MinecraftServer.java:1135)
[00:36:44] [Server thread/WARN]: 	at net.minecraft.server.commands.StopCommand.lambda$register$2(StopCommand.java:12)
[00:36:44] [Server thread/WARN]: 	at com.mojang.brigadier.context.ContextChain.runExecutable(ContextChain.java:73)
[00:36:44] [Server thread/WARN]: 	at net.minecraft.commands.execution.tasks.ExecuteCommand.execute(ExecuteCommand.java:31)
[00:36:44] [Server thread/WARN]: 	at net.minecraft.commands.execution.tasks.ExecuteCommand.execute(ExecuteCommand.java:19)
[00:36:44] [Server thread/WARN]: 	at net.minecraft.commands.execution.UnboundEntryAction.lambda$bind$0(UnboundEntryAction.java:8)
[00:36:44] [Server thread/WARN]: 	at net.minecraft.commands.execution.CommandQueueEntry.execute(CommandQueueEntry.java:5)
[00:36:44] [Server thread/WARN]: 	at net.minecraft.commands.execution.ExecutionContext.runCommandQueue(ExecutionContext.java:103)
[00:36:44] [Server thread/WARN]: 	at net.minecraft.commands.Commands.executeCommandInContext(Commands.java:443)
[00:36:44] [Server thread/WARN]: 	at net.minecraft.commands.Commands.performCommand(Commands.java:350)
[00:36:44] [Server thread/WARN]: 	at net.minecraft.commands.Commands.performCommand(Commands.java:337)
[00:36:44] [Server thread/WARN]: 	at net.minecraft.commands.Commands.performPrefixedCommand(Commands.java:327)
[00:36:44] [Server thread/WARN]: 	at org.bukkit.craftbukkit.command.VanillaCommandWrapper.execute(VanillaCommandWrapper.java:55)
[00:36:44] [Server thread/WARN]: 	at org.bukkit.command.SimpleCommandMap.dispatch(SimpleCommandMap.java:165)
[00:36:44] [Server thread/WARN]: 	at org.bukkit.craftbukkit.CraftServer.dispatchCommand(CraftServer.java:1001)
[00:36:44] [Server thread/WARN]: 	at org.bukkit.craftbukkit.CraftServer.dispatchServerCommand(CraftServer.java:986)
[00:36:44] [Server thread/WARN]: 	at net.minecraft.server.dedicated.DedicatedServer.handleConsoleInputs(DedicatedServer.java:526)
[00:36:44] [Server thread/WARN]: 	at net.minecraft.server.dedicated.DedicatedServer.tickChildren(DedicatedServer.java:474)
[00:36:44] [Server thread/WARN]: 	at net.minecraft.server.MinecraftServer.tickServer(MinecraftServer.java:1596)
[00:36:44] [Server thread/WARN]: 	at net.minecraft.server.MinecraftServer.runServer(MinecraftServer.java:1302)
[00:36:44] [Server thread/WARN]: 	at net.minecraft.server.MinecraftServer.lambda$spin$0(MinecraftServer.java:329)
[00:36:44] [Server thread/WARN]: 	at java.base/java.lang.Thread.run(Thread.java:1583)
[00:36:44] [Server thread/INFO]: Stopping server
[00:36:44] [Server thread/INFO]: [AutoTool] Disabling AutoTool v1.2
[00:36:44] [Server thread/INFO]: [BattleTracker] Disabling BattleTracker v4.0.0-SNAPSHOT
[00:36:44] [Server thread/INFO]: [BetterMending] Disabling BetterMending v2.6.4.2
[00:36:44] [Server thread/INFO]: [BetterMending] Disabled! See you later!
[00:36:44] [Server thread/INFO]: [Chunky] Disabling Chunky v1.4.10
[00:36:44] [Server thread/INFO]: [EndPortalTimer] Disabling EndPortalTimer v2.1
[00:36:44] [Server thread/INFO]: [EndPortalTimer] Plugin disabled.
[00:36:44] [Server thread/INFO]: [EssentialsSpawn] Disabling EssentialsSpawn v2.21.0-dev+121-f7a8f86
[00:36:44] [Server thread/INFO]: [Geyser-Spigot] Disabling Geyser-Spigot v2.4.4-SNAPSHOT
[00:36:44] [Server thread/INFO]: [Geyser-Spigot] Shutting down Geyser.
[00:36:44] [Server thread/INFO]: [Geyser-Spigot] Geyser shutdown successfully.
[00:36:44] [Server thread/INFO]: [LevelTools] Disabling LevelTools v1.4.0.2
[00:36:44] [Server thread/INFO]: [LevelTools] Successfully stopped LevelTools v1.4.0.2.
[00:36:44] [Server thread/INFO]: [MobsToEggs] Disabling MobsToEggs v1.7.14
[00:36:44] [Server thread/INFO]: [MoneyFromMobs] Disabling MoneyFromMobs v4.9
[00:36:44] [Server thread/INFO]: [NaturalGrowth] Disabling NaturalGrowth v1.5
[00:36:44] [Server thread/INFO]: [OpenShulker] Disabling OpenShulker v1.3.0
[00:36:44] [Server thread/INFO]: [PersonalPhantoms] Disabling PersonalPhantoms v2.0.0
[00:36:44] [Server thread/INFO]: [QSFindItemAddOn] Disabling QSFindItemAddOn v2.0.7.0-RELEASE
[00:36:44] [Server thread/INFO]: [QuickShop-FindItemAddOn] [MAIN] Saved shops to file
[00:36:44] [Server thread/INFO]: [QuickShop-FindItemAddOn] [MAIN] Bye!
[00:36:44] [Server thread/INFO]: [RealisticSleep] Disabling RealisticSleep v1.1
[00:36:44] [Server thread/INFO]: [Scythe] Disabling Scythe v5.1.1
[00:36:44] [Server thread/INFO]: [SuperEnchants] Disabling SuperEnchants v2.6.1
[00:36:44] [Server thread/INFO]: [TAB] Disabling TAB v4.1.9
[00:36:44] [Server thread/INFO]: [TAB] Disabled in 0ms
[00:36:44] [Server thread/INFO]: [TreeFeller] Disabling TreeFeller v1.24.2
[00:36:44] [Server thread/INFO]: [TreeFeller] TreeFeller has been disabled! (Version 1.24.2) by ThizThizzyDizzy
[00:36:44] [Server thread/INFO]: [Vulcan] Disabling Vulcan v2.9.1
[00:36:44] [Server thread/INFO]: [DeathChest] Disabling DeathChest v2.2.7
[00:36:44] [Server thread/INFO]: [DeathChest] Placeholder API expansion has successfully unregistered
[00:36:44] [Server thread/INFO]: [InstantRestock] Disabling InstantRestock v2.4.3
[00:36:44] [Server thread/INFO]: [Orebfuscator] Disabling Orebfuscator v5.5.0
[00:36:44] [Server thread/INFO]: [Sit] Disabling Sit v1.7.1
[00:36:44] [Server thread/INFO]: [toNeko] Disabling toNeko v1.3.9
[00:36:44] [Server thread/INFO]: [Veinminer-Enchantment] Disabling Veinminer-Enchantment v2.1.5
[00:36:44] [Server thread/INFO]: [BattleArena] Disabling BattleArena v4.0.0-SNAPSHOT
[00:36:44] [Server thread/INFO]: [dynmap] Disabling dynmap v3.7-SNAPSHOT-948
[00:36:44] [Server thread/INFO]: [dynmap] Unloaded 11 components.
[00:36:44] [Server thread/INFO]: [dynmap] Stopping map renderer...
[00:36:45] [Server thread/INFO]: [dynmap] Disabled
[00:36:45] [Server thread/INFO]: [DecentHolograms] Disabling DecentHolograms v2.8.11
[00:36:45] [Server thread/INFO]: [InfernalMobs] Disabling InfernalMobs v6.8
[00:36:45] [Server thread/INFO]: [LevelledMobs] Disabling LevelledMobs v4.1.3 b68
[00:36:45] [Server thread/INFO]: [LevelledMobs] Unregistering commands
[00:36:45] [Server thread/INFO]: [LevelledMobs] Tasks: Shutting down other async tasks...
[00:36:45] [Craft Scheduler Thread - 11 - LevelledMobs/INFO]: [LevelledMobs] Nametag update queue Manager has exited
[00:36:45] [Craft Scheduler Thread - 9 - LevelledMobs/INFO]: [LevelledMobs] Mob processing queue Manager has exited
[00:36:45] [Server thread/INFO]: [LevelledMobs] Shut-down complete (took 8ms)
[00:36:45] [Server thread/INFO]: [QuickShop-Hikari] Disabling QuickShop-Hikari v6.2.0.7
[00:36:45] [Server thread/INFO]: [QuickShop-Hikari/Bootstrap] QuickShop-Hikari - Bootstrap -> Execute the shutdown sequence
[00:36:45] [Server thread/INFO]: [QuickShop-Hikari] QuickShop is finishing remaining work, this may need a while...
[00:36:45] [Server thread/INFO]: [QuickShop-Hikari] Shutting down error reporter...
[00:36:45] [Server thread/INFO]: [QuickShop-Hikari] Unregistering PlaceHolderAPI hooks...
[00:36:45] [Server thread/INFO]: [QuickShop-Hikari] Successfully unregistered PlaceholderAPI hook!
[00:36:45] [Server thread/INFO]: [QuickShop-Hikari] Unloading all loaded shops...
[00:36:45] [Server thread/INFO]: [QuickShop-Hikari] Stopping shop auto save...
[00:36:45] [Server thread/INFO]: [QuickShop-Hikari] Saving all in-memory changed shops...
[00:36:45] [Server thread/INFO]: [QuickShop-Hikari] Cleaning up shop manager...
[00:36:45] [Server thread/INFO]: [QuickShop-Hikari] Unloading loaded shops...
[00:36:45] [Server thread/INFO]: [QuickShop-Hikari] Saving shops, please allow up to 30 seconds for flush changes into database...
[00:36:45] [Server thread/INFO]: [QuickShop-Hikari] Cleaning up display manager...
[00:36:45] [Server thread/INFO]: [QuickShop-Hikari] Stopping log watcher...
[00:36:45] [Server thread/INFO]: [QuickShop-Hikari] Shutting down scheduled timers...
[00:36:45] [Server thread/INFO]: [QuickShop-Hikari] Shutting down event calendar watcher...
[00:36:45] [Server thread/INFO]: [QuickShop-Hikari] Shutting down update watcher...
[00:36:45] [Server thread/INFO]: [QuickShop-Hikari] Shutting down 3rd-party integrations...
[00:36:45] [Server thread/INFO]: [QuickShop-Hikari] Unload PlaceHolderAPI module successfully!
[00:36:45] [Server thread/INFO]: [QuickShop-Hikari] Unload packet listeners successfully!
[00:36:45] [Server thread/INFO]: [QuickShop-Hikari] Shutting down database connections...
[00:36:45] [Server thread/INFO]: [cc.carm.lib.easysql.hikari.HikariDataSource] HikariPool-1 - Shutdown initiated...
[00:36:45] [Server thread/INFO]: [cc.carm.lib.easysql.hikari.HikariDataSource] HikariPool-1 - Shutdown completed.
[00:36:45] [Server thread/INFO]: [QuickShop-Hikari/Bootstrap] Cleaning up resources...
[00:36:45] [Server thread/INFO]: [QuickShop-Hikari/Bootstrap] QuickShop-Hikari - Bootstrap -> All Complete (78ms)
[00:36:45] [Server thread/INFO]: [Custom Anvil] Disabling CustomAnvil v1.6.6
[00:36:45] [Server thread/INFO]: [ctLib] Disabling ctLib v0.1.13
[00:36:45] [Server thread/INFO]: [Veinminer] Disabling Veinminer v2.1.5
[00:36:45] [Server thread/INFO]: [SkinsRestorer] Disabling SkinsRestorer v15.4.3
[00:36:45] [Server thread/INFO]: [WorldEdit] Disabling WorldEdit v7.3.8+6939-7d32b45
[00:36:45] [Server thread/INFO]: Unregistering com.sk89q.worldedit.bukkit.BukkitServerInterface from WorldEdit
[00:36:45] [Server thread/INFO]: [NBTAPI] Disabling NBTAPI v2.13.2
[00:36:45] [Server thread/INFO]: [Essentials] Disabling Essentials v2.21.0-dev+121-f7a8f86
[00:36:45] [Server thread/INFO]: [Vault] [Economy] Essentials Economy unhooked.
[00:36:45] [Server thread/INFO]: [PlaceholderAPI] Disabling PlaceholderAPI v2.11.6
[00:36:45] [Server thread/INFO]: [ProtocolLib] Disabling ProtocolLib v5.3.0
[00:36:45] [Server thread/INFO]: [Vault] Disabling Vault v1.7.3-b131
[00:36:45] [Server thread/INFO]: [LuckPerms] Disabling LuckPerms v5.4.142
[00:36:45] [Server thread/INFO]: [LuckPerms] Starting shutdown process...
[00:36:45] [Server thread/INFO]: [LuckPerms] Closing storage...
[00:36:45] [Server thread/INFO]: [LuckPerms] Goodbye!
[00:36:45] [Server thread/INFO]: Saving players
[00:36:46] [Server thread/INFO]: Saving worlds
[00:36:46] [Server thread/INFO]: Saving chunks for level 'ServerLevel[world]'/minecraft:overworld
[00:36:46] [Server thread/INFO]: [ChunkHolderManager] Waiting 60s for chunk system to halt for world 'world'
[00:36:46] [Server thread/INFO]: [ChunkHolderManager] Halted chunk system for world 'world'
[00:36:46] [Server thread/INFO]: [ChunkHolderManager] Saving all chunkholders for world 'world'
[00:36:46] [Server thread/INFO]: [ChunkHolderManager] Saved 0 block chunks, 7 entity chunks, 0 poi chunks in world 'world' in 0.01s
[00:36:46] [Server thread/INFO]: Saving chunks for level 'ServerLevel[world_nether]'/minecraft:the_nether
[00:36:46] [Server thread/INFO]: [ChunkHolderManager] Waiting 60s for chunk system to halt for world 'world_nether'
[00:36:46] [Server thread/INFO]: [ChunkHolderManager] Halted chunk system for world 'world_nether'
[00:36:46] [Server thread/INFO]: [ChunkHolderManager] Saving all chunkholders for world 'world_nether'
[00:36:46] [Server thread/INFO]: [ChunkHolderManager] Saved 0 block chunks, 2 entity chunks, 0 poi chunks in world 'world_nether' in 0.00s
[00:36:46] [Server thread/INFO]: Saving chunks for level 'ServerLevel[world_the_end]'/minecraft:the_end
[00:36:46] [Server thread/INFO]: [ChunkHolderManager] Waiting 60s for chunk system to halt for world 'world_the_end'
[00:36:46] [Server thread/INFO]: [ChunkHolderManager] Halted chunk system for world 'world_the_end'
[00:36:46] [Server thread/INFO]: [ChunkHolderManager] Saving all chunkholders for world 'world_the_end'
[00:36:46] [Server thread/INFO]: [ChunkHolderManager] Saved 0 block chunks, 10 entity chunks, 0 poi chunks in world 'world_the_end' in 0.01s
[00:36:46] [Server thread/INFO]: ThreadedAnvilChunkStorage (world): All chunks are saved
[00:36:46] [Server thread/INFO]: ThreadedAnvilChunkStorage (DIM-1): All chunks are saved
[00:36:46] [Server thread/INFO]: ThreadedAnvilChunkStorage (DIM1): All chunks are saved
[00:36:46] [Server thread/INFO]: ThreadedAnvilChunkStorage: All dimensions are saved
[00:36:46] [Thread-0/WARN]: java.lang.Throwable: Server stopped
[00:36:46] [Thread-0/WARN]: 	at io.papermc.paper.util.TraceUtil.dumpTraceForThread(TraceUtil.java:16)
[00:36:46] [Thread-0/WARN]: 	at net.minecraft.server.MinecraftServer.safeShutdown(MinecraftServer.java:1140)
[00:36:46] [Thread-0/WARN]: 	at org.bukkit.craftbukkit.util.ServerShutdownThread.run(ServerShutdownThread.java:16)
